<?xml version="1.0" encoding="UTF-8"?>
<Site BuildName="Win32-mingw32-make"
	BuildStamp="20231103-0813-Experimental"
	Name="X-CN-C0H95M3"
	Generator="ctest-3.26.1"
	CompilerName="D:/cmd/mingw64/bin/g++.exe"
	CompilerVersion="11.2.0"
	OSName="Windows"
	Hostname="X-CN-C0H95M3"
	OSRelease=" Professional"
	OSVersion=" (Build 19045)"
	OSPlatform="AMD64"
	Is64Bits="1"
	VendorString="GenuineIntel"
	VendorID="Intel Corporation"
	FamilyID="6"
	ModelID="13"
	ProcessorCacheSize="-1"
	NumberOfLogicalCPU="16"
	NumberOfPhysicalCPU="8"
	TotalVirtualMemory="41681"
	TotalPhysicalMemory="31953"
	LogicalProcessorsPerPhysical="2"
	ProcessorClockFrequency="2611"
	>
	<Testing>
		<StartDateTime>Nov 03 16:37 China Standard Time</StartDateTime>
		<StartTestTime>1699000628</StartTestTime>
		<TestList/>
		<EndDateTime>Nov 03 16:37 China Standard Time</EndDateTime>
		<EndTestTime>1699000628</EndTestTime>
		<ElapsedMinutes>0</ElapsedMinutes>
	</Testing>
</Site>
